# JRE version: OpenJDK Runtime Environment Temurin-21.0.9+10 (21.0.9+10) (build 21.0.9+10-LTS)
# Java VM: OpenJDK 64-Bit Server VM Temurin-21.0.9+10 (21.0.9+10-LTS, mixed mode, sharing, tiered, compressed oops, compressed class ptrs, parallel gc, windows-amd64)
GC Precious Log:
 CardTable entry size: 512
 CPUs: 4 total, 4 available
 Memory: 16264M
 Large Page Support: Disabled
 NUMA Support: Disabled
 Compressed Oops: Enabled (32-bit)
 Alignments: Space 512K, Generation 512K, Heap 2M
 Heap Min Capacity: 100M
 Heap Initial Capacity: 100M
 Heap Max Capacity: 2G
 Pre-touch: Disabled
 Parallel Workers: 4
Heap:
 PSYoungGen      total 4608K, used 2936K [0x00000000d5580000, 0x00000000d5b80000, 0x0000000100000000)
  eden space 4096K, 68% used [0x00000000d5580000,0x00000000d583e388,0x00000000d5980000)
  from space 512K, 25% used [0x00000000d5980000,0x00000000d59a0000,0x00000000d5a00000)
  to   space 512K, 0% used [0x00000000d5b00000,0x00000000d5b00000,0x00000000d5b80000)
 ParOldGen       total 430080K, used 429746K [0x0000000080000000, 0x000000009a400000, 0x00000000d5580000)
  object space 430080K, 99% used [0x0000000080000000,0x000000009a3aca88,0x000000009a400000)
 Metaspace       used 70142K, committed 71744K, reserved 1114112K
  class space    used 7292K, committed 8000K, reserved 1048576K
GC Heap History (20 events):
Event: 605.497 GC heap before
{Heap before GC invocations=543 (full 3):
 PSYoungGen      total 4608K, used 4256K [0x00000000d5580000, 0x00000000d5b80000, 0x0000000100000000)
  eden space 4096K, 100% used [0x00000000d5580000,0x00000000d5980000,0x00000000d5980000)
  from space 512K, 31% used [0x00000000d5980000,0x00000000d59a8000,0x00000000d5a00000)
  to   space 512K, 0% used [0x00000000d5b00000,0x00000000d5b00000,0x00000000d5b80000)
 ParOldGen       total 429056K, used 429050K [0x0000000080000000, 0x000000009a300000, 0x00000000d5580000)
  object space 429056K, 99% used [0x0000000080000000,0x000000009a2fea78,0x000000009a300000)
 Metaspace       used 70077K, committed 71680K, reserved 1114112K
  class space    used 7292K, committed 8000K, reserved 1048576K
}
Event: 605.501 GC heap after
{Heap after GC invocations=543 (full 3):
 PSYoungGen      total 4608K, used 192K [0x00000000d5580000, 0x00000000d5b80000, 0x0000000100000000)
  eden space 4096K, 0% used [0x00000000d5580000,0x00000000d5580000,0x00000000d5980000)
  from space 512K, 37% used [0x00000000d5b00000,0x00000000d5b30000,0x00000000d5b80000)
  to   space 512K, 0% used [0x00000000d5980000,0x00000000d5980000,0x00000000d5a00000)
 ParOldGen       total 429568K, used 429090K [0x0000000080000000, 0x000000009a380000, 0x00000000d5580000)
  object space 429568K, 99% used [0x0000000080000000,0x000000009a308a88,0x000000009a380000)
 Metaspace       used 70077K, committed 71680K, reserved 1114112K
  class space    used 7292K, committed 8000K, reserved 1048576K
}
Event: 605.684 GC heap before
{Heap before GC invocations=544 (full 3):
 PSYoungGen      total 4608K, used 4288K [0x00000000d5580000, 0x00000000d5b80000, 0x0000000100000000)
  eden space 4096K, 100% used [0x00000000d5580000,0x00000000d5980000,0x00000000d5980000)
  from space 512K, 37% used [0x00000000d5b00000,0x00000000d5b30000,0x00000000d5b80000)
  to   space 512K, 0% used [0x00000000d5980000,0x00000000d5980000,0x00000000d5a00000)
 ParOldGen       total 429568K, used 429090K [0x0000000080000000, 0x000000009a380000, 0x00000000d5580000)
  object space 429568K, 99% used [0x0000000080000000,0x000000009a308a88,0x000000009a380000)
 Metaspace       used 70077K, committed 71680K, reserved 1114112K
  class space    used 7292K, committed 8000K, reserved 1048576K
}
Event: 605.685 GC heap after
{Heap after GC invocations=544 (full 3):
 PSYoungGen      total 4608K, used 256K [0x00000000d5580000, 0x00000000d5b80000, 0x0000000100000000)
  eden space 4096K, 0% used [0x00000000d5580000,0x00000000d5580000,0x00000000d5980000)
  from space 512K, 50% used [0x00000000d5980000,0x00000000d59c0000,0x00000000d5a00000)
  to   space 512K, 0% used [0x00000000d5b00000,0x00000000d5b00000,0x00000000d5b80000)
 ParOldGen       total 429568K, used 429218K [0x0000000080000000, 0x000000009a380000, 0x00000000d5580000)
  object space 429568K, 99% used [0x0000000080000000,0x000000009a328a88,0x000000009a380000)
 Metaspace       used 70077K, committed 71680K, reserved 1114112K
  class space    used 7292K, committed 8000K, reserved 1048576K
}
Event: 605.707 GC heap before
{Heap before GC invocations=545 (full 3):
 PSYoungGen      total 4608K, used 4352K [0x00000000d5580000, 0x00000000d5b80000, 0x0000000100000000)
  eden space 4096K, 100% used [0x00000000d5580000,0x00000000d5980000,0x00000000d5980000)
  from space 512K, 50% used [0x00000000d5980000,0x00000000d59c0000,0x00000000d5a00000)
  to   space 512K, 0% used [0x00000000d5b00000,0x00000000d5b00000,0x00000000d5b80000)
 ParOldGen       total 429568K, used 429218K [0x0000000080000000, 0x000000009a380000, 0x00000000d5580000)
  object space 429568K, 99% used [0x0000000080000000,0x000000009a328a88,0x000000009a380000)
 Metaspace       used 70077K, committed 71680K, reserved 1114112K
  class space    used 7292K, committed 8000K, reserved 1048576K
}
Event: 605.709 GC heap after
{Heap after GC invocations=545 (full 3):
 PSYoungGen      total 4608K, used 204K [0x00000000d5580000, 0x00000000d5b80000, 0x0000000100000000)
  eden space 4096K, 0% used [0x00000000d5580000,0x00000000d5580000,0x00000000d5980000)
  from space 512K, 39% used [0x00000000d5b00000,0x00000000d5b33138,0x00000000d5b80000)
  to   space 512K, 0% used [0x00000000d5980000,0x00000000d5980000,0x00000000d5a00000)
 ParOldGen       total 429568K, used 429394K [0x0000000080000000, 0x000000009a380000, 0x00000000d5580000)
  object space 429568K, 99% used [0x0000000080000000,0x000000009a354a88,0x000000009a380000)
 Metaspace       used 70077K, committed 71680K, reserved 1114112K
  class space    used 7292K, committed 8000K, reserved 1048576K
}
Event: 605.756 GC heap before
{Heap before GC invocations=546 (full 3):
 PSYoungGen      total 4608K, used 4294K [0x00000000d5580000, 0x00000000d5b80000, 0x0000000100000000)
  eden space 4096K, 99% used [0x00000000d5580000,0x00000000d597e888,0x00000000d5980000)
  from space 512K, 39% used [0x00000000d5b00000,0x00000000d5b33138,0x00000000d5b80000)
  to   space 512K, 0% used [0x00000000d5980000,0x00000000d5980000,0x00000000d5a00000)
 ParOldGen       total 429568K, used 429394K [0x0000000080000000, 0x000000009a380000, 0x00000000d5580000)
  object space 429568K, 99% used [0x0000000080000000,0x000000009a354a88,0x000000009a380000)
 Metaspace       used 70077K, committed 71680K, reserved 1114112K
  class space    used 7292K, committed 8000K, reserved 1048576K
}
Event: 605.757 GC heap after
{Heap after GC invocations=546 (full 3):
 PSYoungGen      total 4608K, used 128K [0x00000000d5580000, 0x00000000d5b80000, 0x0000000100000000)
  eden space 4096K, 0% used [0x00000000d5580000,0x00000000d5580000,0x00000000d5980000)
  from space 512K, 25% used [0x00000000d5980000,0x00000000d59a0000,0x00000000d5a00000)
  to   space 512K, 0% used [0x00000000d5b00000,0x00000000d5b00000,0x00000000d5b80000)
 ParOldGen       total 429568K, used 429418K [0x0000000080000000, 0x000000009a380000, 0x00000000d5580000)
  object space 429568K, 99% used [0x0000000080000000,0x000000009a35aa88,0x000000009a380000)
 Metaspace       used 70077K, committed 71680K, reserved 1114112K
  class space    used 7292K, committed 8000K, reserved 1048576K
}
Event: 606.128 GC heap before
{Heap before GC invocations=547 (full 3):
 PSYoungGen      total 4608K, used 4224K [0x00000000d5580000, 0x00000000d5b80000, 0x0000000100000000)
  eden space 4096K, 100% used [0x00000000d5580000,0x00000000d5980000,0x00000000d5980000)
  from space 512K, 25% used [0x00000000d5980000,0x00000000d59a0000,0x00000000d5a00000)
  to   space 512K, 0% used [0x00000000d5b00000,0x00000000d5b00000,0x00000000d5b80000)
 ParOldGen       total 429568K, used 429418K [0x0000000080000000, 0x000000009a380000, 0x00000000d5580000)
  object space 429568K, 99% used [0x0000000080000000,0x000000009a35aa88,0x000000009a380000)
 Metaspace       used 70079K, committed 71680K, reserved 1114112K
  class space    used 7292K, committed 8000K, reserved 1048576K
}
Event: 606.132 GC heap after
{Heap after GC invocations=547 (full 3):
 PSYoungGen      total 4608K, used 128K [0x00000000d5580000, 0x00000000d5b80000, 0x0000000100000000)
  eden space 4096K, 0% used [0x00000000d5580000,0x00000000d5580000,0x00000000d5980000)
  from space 512K, 25% used [0x00000000d5b00000,0x00000000d5b20000,0x00000000d5b80000)
  to   space 512K, 0% used [0x00000000d5980000,0x00000000d5980000,0x00000000d5a00000)
 ParOldGen       total 429568K, used 429466K [0x0000000080000000, 0x000000009a380000, 0x00000000d5580000)
  object space 429568K, 99% used [0x0000000080000000,0x000000009a366a88,0x000000009a380000)
 Metaspace       used 70079K, committed 71680K, reserved 1114112K
  class space    used 7292K, committed 8000K, reserved 1048576K
}
Event: 606.291 GC heap before
{Heap before GC invocations=548 (full 3):
 PSYoungGen      total 4608K, used 4224K [0x00000000d5580000, 0x00000000d5b80000, 0x0000000100000000)
  eden space 4096K, 100% used [0x00000000d5580000,0x00000000d5980000,0x00000000d5980000)
  from space 512K, 25% used [0x00000000d5b00000,0x00000000d5b20000,0x00000000d5b80000)
  to   space 512K, 0% used [0x00000000d5980000,0x00000000d5980000,0x00000000d5a00000)
 ParOldGen       total 429568K, used 429466K [0x0000000080000000, 0x000000009a380000, 0x00000000d5580000)
  object space 429568K, 99% used [0x0000000080000000,0x000000009a366a88,0x000000009a380000)
 Metaspace       used 70079K, committed 71680K, reserved 1114112K
  class space    used 7292K, committed 8000K, reserved 1048576K
}
Event: 606.293 GC heap after
{Heap after GC invocations=548 (full 3):
 PSYoungGen      total 4608K, used 226K [0x00000000d5580000, 0x00000000d5b80000, 0x0000000100000000)
  eden space 4096K, 0% used [0x00000000d5580000,0x00000000d5580000,0x00000000d5980000)
  from space 512K, 44% used [0x00000000d5980000,0x00000000d59b8a48,0x00000000d5a00000)
  to   space 512K, 0% used [0x00000000d5b00000,0x00000000d5b00000,0x00000000d5b80000)
 ParOldGen       total 429568K, used 429514K [0x0000000080000000, 0x000000009a380000, 0x00000000d5580000)
  object space 429568K, 99% used [0x0000000080000000,0x000000009a372a88,0x000000009a380000)
 Metaspace       used 70079K, committed 71680K, reserved 1114112K
  class space    used 7292K, committed 8000K, reserved 1048576K
}
Event: 606.521 GC heap before
{Heap before GC invocations=549 (full 3):
 PSYoungGen      total 4608K, used 4318K [0x00000000d5580000, 0x00000000d5b80000, 0x0000000100000000)
  eden space 4096K, 99% used [0x00000000d5580000,0x00000000d597ef90,0x00000000d5980000)
  from space 512K, 44% used [0x00000000d5980000,0x00000000d59b8a48,0x00000000d5a00000)
  to   space 512K, 0% used [0x00000000d5b00000,0x00000000d5b00000,0x00000000d5b80000)
 ParOldGen       total 429568K, used 429514K [0x0000000080000000, 0x000000009a380000, 0x00000000d5580000)
  object space 429568K, 99% used [0x0000000080000000,0x000000009a372a88,0x000000009a380000)
 Metaspace       used 70079K, committed 71680K, reserved 1114112K
  class space    used 7292K, committed 8000K, reserved 1048576K
}
Event: 606.523 GC heap after
{Heap after GC invocations=549 (full 3):
 PSYoungGen      total 4608K, used 128K [0x00000000d5580000, 0x00000000d5b80000, 0x0000000100000000)
  eden space 4096K, 0% used [0x00000000d5580000,0x00000000d5580000,0x00000000d5980000)
  from space 512K, 25% used [0x00000000d5b00000,0x00000000d5b20000,0x00000000d5b80000)
  to   space 512K, 0% used [0x00000000d5980000,0x00000000d5980000,0x00000000d5a00000)
 ParOldGen       total 429568K, used 429554K [0x0000000080000000, 0x000000009a380000, 0x00000000d5580000)
  object space 429568K, 99% used [0x0000000080000000,0x000000009a37ca88,0x000000009a380000)
 Metaspace       used 70079K, committed 71680K, reserved 1114112K
  class space    used 7292K, committed 8000K, reserved 1048576K
}
Event: 1289.215 GC heap before
{Heap before GC invocations=550 (full 3):
 PSYoungGen      total 4608K, used 4224K [0x00000000d5580000, 0x00000000d5b80000, 0x0000000100000000)
  eden space 4096K, 100% used [0x00000000d5580000,0x00000000d5980000,0x00000000d5980000)
  from space 512K, 25% used [0x00000000d5b00000,0x00000000d5b20000,0x00000000d5b80000)
  to   space 512K, 0% used [0x00000000d5980000,0x00000000d5980000,0x00000000d5a00000)
 ParOldGen       total 429568K, used 429554K [0x0000000080000000, 0x000000009a380000, 0x00000000d5580000)
  object space 429568K, 99% used [0x0000000080000000,0x000000009a37ca88,0x000000009a380000)
 Metaspace       used 70128K, committed 71744K, reserved 1114112K
  class space    used 7292K, committed 8000K, reserved 1048576K
}
Event: 1289.221 GC heap after
{Heap after GC invocations=550 (full 3):
 PSYoungGen      total 4608K, used 192K [0x00000000d5580000, 0x00000000d5b80000, 0x0000000100000000)
  eden space 4096K, 0% used [0x00000000d5580000,0x00000000d5580000,0x00000000d5980000)
  from space 512K, 37% used [0x00000000d5980000,0x00000000d59b0000,0x00000000d5a00000)
  to   space 512K, 0% used [0x00000000d5b00000,0x00000000d5b00000,0x00000000d5b80000)
 ParOldGen       total 430080K, used 429602K [0x0000000080000000, 0x000000009a400000, 0x00000000d5580000)
  object space 430080K, 99% used [0x0000000080000000,0x000000009a388a88,0x000000009a400000)
 Metaspace       used 70128K, committed 71744K, reserved 1114112K
  class space    used 7292K, committed 8000K, reserved 1048576K
}
Event: 1290.225 GC heap before
{Heap before GC invocations=551 (full 3):
 PSYoungGen      total 4608K, used 3583K [0x00000000d5580000, 0x00000000d5b80000, 0x0000000100000000)
  eden space 4096K, 82% used [0x00000000d5580000,0x00000000d58cfe48,0x00000000d5980000)
  from space 512K, 37% used [0x00000000d5980000,0x00000000d59b0000,0x00000000d5a00000)
  to   space 512K, 0% used [0x00000000d5b00000,0x00000000d5b00000,0x00000000d5b80000)
 ParOldGen       total 430080K, used 429602K [0x0000000080000000, 0x000000009a400000, 0x00000000d5580000)
  object space 430080K, 99% used [0x0000000080000000,0x000000009a388a88,0x000000009a400000)
 Metaspace       used 70132K, committed 71744K, reserved 1114112K
  class space    used 7292K, committed 8000K, reserved 1048576K
}
Event: 1290.230 GC heap after
{Heap after GC invocations=551 (full 3):
 PSYoungGen      total 4608K, used 128K [0x00000000d5580000, 0x00000000d5b80000, 0x0000000100000000)
  eden space 4096K, 0% used [0x00000000d5580000,0x00000000d5580000,0x00000000d5980000)
  from space 512K, 25% used [0x00000000d5b00000,0x00000000d5b20000,0x00000000d5b80000)
  to   space 512K, 0% used [0x00000000d5980000,0x00000000d5980000,0x00000000d5a00000)
 ParOldGen       total 430080K, used 429714K [0x0000000080000000, 0x000000009a400000, 0x00000000d5580000)
  object space 430080K, 99% used [0x0000000080000000,0x000000009a3a4a88,0x000000009a400000)
 Metaspace       used 70132K, committed 71744K, reserved 1114112K
  class space    used 7292K, committed 8000K, reserved 1048576K
}
Event: 1290.541 GC heap before
{Heap before GC invocations=552 (full 3):
 PSYoungGen      total 4608K, used 4189K [0x00000000d5580000, 0x00000000d5b80000, 0x0000000100000000)
  eden space 4096K, 99% used [0x00000000d5580000,0x00000000d5977488,0x00000000d5980000)
  from space 512K, 25% used [0x00000000d5b00000,0x00000000d5b20000,0x00000000d5b80000)
  to   space 512K, 0% used [0x00000000d5980000,0x00000000d5980000,0x00000000d5a00000)
 ParOldGen       total 430080K, used 429714K [0x0000000080000000, 0x000000009a400000, 0x00000000d5580000)
  object space 430080K, 99% used [0x0000000080000000,0x000000009a3a4a88,0x000000009a400000)
 Metaspace       used 70136K, committed 71744K, reserved 1114112K
  class space    used 7292K, committed 8000K, reserved 1048576K
}
Event: 1290.543 GC heap after
{Heap after GC invocations=552 (full 3):
 PSYoungGen      total 4608K, used 128K [0x00000000d5580000, 0x00000000d5b80000, 0x0000000100000000)
  eden space 4096K, 0% used [0x00000000d5580000,0x00000000d5580000,0x00000000d5980000)
  from space 512K, 25% used [0x00000000d5980000,0x00000000d59a0000,0x00000000d5a00000)
  to   space 512K, 0% used [0x00000000d5b00000,0x00000000d5b00000,0x00000000d5b80000)
 ParOldGen       total 430080K, used 429746K [0x0000000080000000, 0x000000009a400000, 0x00000000d5580000)
  object space 430080K, 99% used [0x0000000080000000,0x000000009a3aca88,0x000000009a400000)
 Metaspace       used 70136K, committed 71744K, reserved 1114112K
  class space    used 7292K, committed 8000K, reserved 1048576K
}

