# JRE version: OpenJDK Runtime Environment Temurin-21.0.8+9 (21.0.8+9) (build 21.0.8+9-LTS)
# Java VM: OpenJDK 64-Bit Server VM Temurin-21.0.8+9 (21.0.8+9-LTS, mixed mode, sharing, tiered, compressed oops, compressed class ptrs, parallel gc, windows-amd64)
GC Precious Log:
 CardTable entry size: 512
 CPUs: 4 total, 4 available
 Memory: 16264M
 Large Page Support: Disabled
 NUMA Support: Disabled
 Compressed Oops: Enabled (32-bit)
 Alignments: Space 512K, Generation 512K, Heap 2M
 Heap Min Capacity: 100M
 Heap Initial Capacity: 100M
 Heap Max Capacity: 2G
 Pre-touch: Disabled
 Parallel Workers: 4
Heap:
 PSYoungGen      total 13824K, used 11661K [0x00000000d5580000, 0x00000000d6a00000, 0x0000000100000000)
  eden space 13312K, 86% used [0x00000000d5580000,0x00000000d60c35e8,0x00000000d6280000)
  from space 512K, 25% used [0x00000000d6980000,0x00000000d69a0000,0x00000000d6a00000)
  to   space 512K, 0% used [0x00000000d6800000,0x00000000d6800000,0x00000000d6880000)
 ParOldGen       total 126976K, used 126834K [0x0000000080000000, 0x0000000087c00000, 0x00000000d5580000)
  object space 126976K, 99% used [0x0000000080000000,0x0000000087bdc928,0x0000000087c00000)
 Metaspace       used 63696K, committed 65024K, reserved 1114112K
  class space    used 6676K, committed 7232K, reserved 1048576K
GC Heap History (20 events):
Event: 204789.909 GC heap before
{Heap before GC invocations=40 (full 3):
 PSYoungGen      total 21504K, used 21495K [0x00000000d5580000, 0x00000000d8900000, 0x0000000100000000)
  eden space 13312K, 100% used [0x00000000d5580000,0x00000000d6280000,0x00000000d6280000)
  from space 8192K, 99% used [0x00000000d7200000,0x00000000d79fde68,0x00000000d7a00000)
  to   space 15872K, 0% used [0x00000000d6280000,0x00000000d6280000,0x00000000d7200000)
 ParOldGen       total 92160K, used 91755K [0x0000000080000000, 0x0000000085a00000, 0x00000000d5580000)
  object space 92160K, 99% used [0x0000000080000000,0x000000008599ad68,0x0000000085a00000)
 Metaspace       used 60237K, committed 61440K, reserved 1114112K
  class space    used 6388K, committed 6912K, reserved 1048576K
}
Event: 204789.934 GC heap after
{Heap after GC invocations=40 (full 3):
 PSYoungGen      total 22528K, used 8800K [0x00000000d5580000, 0x00000000d7780000, 0x0000000100000000)
  eden space 13312K, 0% used [0x00000000d5580000,0x00000000d5580000,0x00000000d6280000)
  from space 9216K, 95% used [0x00000000d6280000,0x00000000d6b18000,0x00000000d6b80000)
  to   space 10752K, 0% used [0x00000000d6d00000,0x00000000d6d00000,0x00000000d7780000)
 ParOldGen       total 100352K, used 99940K [0x0000000080000000, 0x0000000086200000, 0x00000000d5580000)
  object space 100352K, 99% used [0x0000000080000000,0x00000000861990d0,0x0000000086200000)
 Metaspace       used 60237K, committed 61440K, reserved 1114112K
  class space    used 6388K, committed 6912K, reserved 1048576K
}
Event: 204790.051 GC heap before
{Heap before GC invocations=41 (full 3):
 PSYoungGen      total 22528K, used 22112K [0x00000000d5580000, 0x00000000d7780000, 0x0000000100000000)
  eden space 13312K, 100% used [0x00000000d5580000,0x00000000d6280000,0x00000000d6280000)
  from space 9216K, 95% used [0x00000000d6280000,0x00000000d6b18000,0x00000000d6b80000)
  to   space 10752K, 0% used [0x00000000d6d00000,0x00000000d6d00000,0x00000000d7780000)
 ParOldGen       total 100352K, used 99940K [0x0000000080000000, 0x0000000086200000, 0x00000000d5580000)
  object space 100352K, 99% used [0x0000000080000000,0x00000000861990d0,0x0000000086200000)
 Metaspace       used 60319K, committed 61504K, reserved 1114112K
  class space    used 6401K, committed 6912K, reserved 1048576K
}
Event: 204790.082 GC heap after
{Heap after GC invocations=41 (full 3):
 PSYoungGen      total 23040K, used 9600K [0x00000000d5580000, 0x00000000d7680000, 0x0000000100000000)
  eden space 13312K, 0% used [0x00000000d5580000,0x00000000d5580000,0x00000000d6280000)
  from space 9728K, 98% used [0x00000000d6d00000,0x00000000d7660000,0x00000000d7680000)
  to   space 10240K, 0% used [0x00000000d6280000,0x00000000d6280000,0x00000000d6c80000)
 ParOldGen       total 109056K, used 108738K [0x0000000080000000, 0x0000000086a80000, 0x00000000d5580000)
  object space 109056K, 99% used [0x0000000080000000,0x0000000086a30bc8,0x0000000086a80000)
 Metaspace       used 60319K, committed 61504K, reserved 1114112K
  class space    used 6401K, committed 6912K, reserved 1048576K
}
Event: 204790.690 GC heap before
{Heap before GC invocations=42 (full 3):
 PSYoungGen      total 23040K, used 22912K [0x00000000d5580000, 0x00000000d7680000, 0x0000000100000000)
  eden space 13312K, 100% used [0x00000000d5580000,0x00000000d6280000,0x00000000d6280000)
  from space 9728K, 98% used [0x00000000d6d00000,0x00000000d7660000,0x00000000d7680000)
  to   space 10240K, 0% used [0x00000000d6280000,0x00000000d6280000,0x00000000d6c80000)
 ParOldGen       total 109056K, used 108738K [0x0000000080000000, 0x0000000086a80000, 0x00000000d5580000)
  object space 109056K, 99% used [0x0000000080000000,0x0000000086a30bc8,0x0000000086a80000)
 Metaspace       used 60539K, committed 61760K, reserved 1114112K
  class space    used 6410K, committed 6912K, reserved 1048576K
}
Event: 204790.713 GC heap after
{Heap after GC invocations=42 (full 3):
 PSYoungGen      total 23552K, used 9705K [0x00000000d5580000, 0x00000000d7680000, 0x0000000100000000)
  eden space 13312K, 0% used [0x00000000d5580000,0x00000000d5580000,0x00000000d6280000)
  from space 10240K, 94% used [0x00000000d6280000,0x00000000d6bfa600,0x00000000d6c80000)
  to   space 10240K, 0% used [0x00000000d6c80000,0x00000000d6c80000,0x00000000d7680000)
 ParOldGen       total 118784K, used 118290K [0x0000000080000000, 0x0000000087400000, 0x00000000d5580000)
  object space 118784K, 99% used [0x0000000080000000,0x0000000087384878,0x0000000087400000)
 Metaspace       used 60539K, committed 61760K, reserved 1114112K
  class space    used 6410K, committed 6912K, reserved 1048576K
}
Event: 211822.533 GC heap before
{Heap before GC invocations=43 (full 3):
 PSYoungGen      total 23552K, used 23017K [0x00000000d5580000, 0x00000000d7680000, 0x0000000100000000)
  eden space 13312K, 100% used [0x00000000d5580000,0x00000000d6280000,0x00000000d6280000)
  from space 10240K, 94% used [0x00000000d6280000,0x00000000d6bfa600,0x00000000d6c80000)
  to   space 10240K, 0% used [0x00000000d6c80000,0x00000000d6c80000,0x00000000d7680000)
 ParOldGen       total 118784K, used 118290K [0x0000000080000000, 0x0000000087400000, 0x00000000d5580000)
  object space 118784K, 99% used [0x0000000080000000,0x0000000087384878,0x0000000087400000)
 Metaspace       used 60946K, committed 62208K, reserved 1114112K
  class space    used 6451K, committed 6976K, reserved 1048576K
}
Event: 211822.653 GC heap after
{Heap after GC invocations=43 (full 3):
 PSYoungGen      total 16896K, used 3494K [0x00000000d5580000, 0x00000000d7000000, 0x0000000100000000)
  eden space 13312K, 0% used [0x00000000d5580000,0x00000000d5580000,0x00000000d6280000)
  from space 3584K, 97% used [0x00000000d6c80000,0x00000000d6fe99e0,0x00000000d7000000)
  to   space 6144K, 0% used [0x00000000d6400000,0x00000000d6400000,0x00000000d6a00000)
 ParOldGen       total 121344K, used 121141K [0x0000000080000000, 0x0000000087680000, 0x00000000d5580000)
  object space 121344K, 99% used [0x0000000080000000,0x000000008764d448,0x0000000087680000)
 Metaspace       used 60946K, committed 62208K, reserved 1114112K
  class space    used 6451K, committed 6976K, reserved 1048576K
}
Event: 211823.791 GC heap before
{Heap before GC invocations=44 (full 3):
 PSYoungGen      total 16896K, used 16806K [0x00000000d5580000, 0x00000000d7000000, 0x0000000100000000)
  eden space 13312K, 100% used [0x00000000d5580000,0x00000000d6280000,0x00000000d6280000)
  from space 3584K, 97% used [0x00000000d6c80000,0x00000000d6fe99e0,0x00000000d7000000)
  to   space 6144K, 0% used [0x00000000d6400000,0x00000000d6400000,0x00000000d6a00000)
 ParOldGen       total 121344K, used 121141K [0x0000000080000000, 0x0000000087680000, 0x00000000d5580000)
  object space 121344K, 99% used [0x0000000080000000,0x000000008764d448,0x0000000087680000)
 Metaspace       used 61967K, committed 63232K, reserved 1114112K
  class space    used 6524K, committed 7104K, reserved 1048576K
}
Event: 211823.810 GC heap after
{Heap after GC invocations=44 (full 3):
 PSYoungGen      total 19456K, used 1392K [0x00000000d5580000, 0x00000000d6d00000, 0x0000000100000000)
  eden space 13312K, 0% used [0x00000000d5580000,0x00000000d5580000,0x00000000d6280000)
  from space 6144K, 22% used [0x00000000d6400000,0x00000000d655c050,0x00000000d6a00000)
  to   space 3072K, 0% used [0x00000000d6a00000,0x00000000d6a00000,0x00000000d6d00000)
 ParOldGen       total 124928K, used 124548K [0x0000000080000000, 0x0000000087a00000, 0x00000000d5580000)
  object space 124928K, 99% used [0x0000000080000000,0x00000000879a12b8,0x0000000087a00000)
 Metaspace       used 61967K, committed 63232K, reserved 1114112K
  class space    used 6524K, committed 7104K, reserved 1048576K
}
Event: 211824.573 GC heap before
{Heap before GC invocations=45 (full 3):
 PSYoungGen      total 19456K, used 14584K [0x00000000d5580000, 0x00000000d6d00000, 0x0000000100000000)
  eden space 13312K, 99% used [0x00000000d5580000,0x00000000d62620c8,0x00000000d6280000)
  from space 6144K, 22% used [0x00000000d6400000,0x00000000d655c050,0x00000000d6a00000)
  to   space 3072K, 0% used [0x00000000d6a00000,0x00000000d6a00000,0x00000000d6d00000)
 ParOldGen       total 124928K, used 124548K [0x0000000080000000, 0x0000000087a00000, 0x00000000d5580000)
  object space 124928K, 99% used [0x0000000080000000,0x00000000879a12b8,0x0000000087a00000)
 Metaspace       used 62704K, committed 63936K, reserved 1114112K
  class space    used 6614K, committed 7168K, reserved 1048576K
}
Event: 211824.584 GC heap after
{Heap after GC invocations=45 (full 3):
 PSYoungGen      total 15360K, used 1847K [0x00000000d5580000, 0x00000000d6c00000, 0x0000000100000000)
  eden space 13312K, 0% used [0x00000000d5580000,0x00000000d5580000,0x00000000d6280000)
  from space 2048K, 90% used [0x00000000d6a00000,0x00000000d6bcdeb0,0x00000000d6c00000)
  to   space 2048K, 0% used [0x00000000d6800000,0x00000000d6800000,0x00000000d6a00000)
 ParOldGen       total 125952K, used 125723K [0x0000000080000000, 0x0000000087b00000, 0x00000000d5580000)
  object space 125952K, 99% used [0x0000000080000000,0x0000000087ac6e60,0x0000000087b00000)
 Metaspace       used 62704K, committed 63936K, reserved 1114112K
  class space    used 6614K, committed 7168K, reserved 1048576K
}
Event: 211824.927 GC heap before
{Heap before GC invocations=46 (full 3):
 PSYoungGen      total 15360K, used 15135K [0x00000000d5580000, 0x00000000d6c00000, 0x0000000100000000)
  eden space 13312K, 99% used [0x00000000d5580000,0x00000000d6279df8,0x00000000d6280000)
  from space 2048K, 90% used [0x00000000d6a00000,0x00000000d6bcdeb0,0x00000000d6c00000)
  to   space 2048K, 0% used [0x00000000d6800000,0x00000000d6800000,0x00000000d6a00000)
 ParOldGen       total 125952K, used 125723K [0x0000000080000000, 0x0000000087b00000, 0x00000000d5580000)
  object space 125952K, 99% used [0x0000000080000000,0x0000000087ac6e60,0x0000000087b00000)
 Metaspace       used 63280K, committed 64576K, reserved 1114112K
  class space    used 6658K, committed 7232K, reserved 1048576K
}
Event: 211824.933 GC heap after
{Heap after GC invocations=46 (full 3):
 PSYoungGen      total 13824K, used 352K [0x00000000d5580000, 0x00000000d6a80000, 0x0000000100000000)
  eden space 13312K, 0% used [0x00000000d5580000,0x00000000d5580000,0x00000000d6280000)
  from space 512K, 68% used [0x00000000d6800000,0x00000000d6858000,0x00000000d6880000)
  to   space 1024K, 0% used [0x00000000d6980000,0x00000000d6980000,0x00000000d6a80000)
 ParOldGen       total 126976K, used 126483K [0x0000000080000000, 0x0000000087c00000, 0x00000000d5580000)
  object space 126976K, 99% used [0x0000000080000000,0x0000000087b84e80,0x0000000087c00000)
 Metaspace       used 63280K, committed 64576K, reserved 1114112K
  class space    used 6658K, committed 7232K, reserved 1048576K
}
Event: 212824.010 GC heap before
{Heap before GC invocations=47 (full 3):
 PSYoungGen      total 13824K, used 13663K [0x00000000d5580000, 0x00000000d6a80000, 0x0000000100000000)
  eden space 13312K, 99% used [0x00000000d5580000,0x00000000d627fff0,0x00000000d6280000)
  from space 512K, 68% used [0x00000000d6800000,0x00000000d6858000,0x00000000d6880000)
  to   space 1024K, 0% used [0x00000000d6980000,0x00000000d6980000,0x00000000d6a80000)
 ParOldGen       total 126976K, used 126483K [0x0000000080000000, 0x0000000087c00000, 0x00000000d5580000)
  object space 126976K, 99% used [0x0000000080000000,0x0000000087b84e80,0x0000000087c00000)
 Metaspace       used 63600K, committed 64896K, reserved 1114112K
  class space    used 6674K, committed 7232K, reserved 1048576K
}
Event: 212824.020 GC heap after
{Heap after GC invocations=47 (full 3):
 PSYoungGen      total 13824K, used 128K [0x00000000d5580000, 0x00000000d6a00000, 0x0000000100000000)
  eden space 13312K, 0% used [0x00000000d5580000,0x00000000d5580000,0x00000000d6280000)
  from space 512K, 25% used [0x00000000d6980000,0x00000000d69a0000,0x00000000d6a00000)
  to   space 512K, 0% used [0x00000000d6800000,0x00000000d6800000,0x00000000d6880000)
 ParOldGen       total 126976K, used 126730K [0x0000000080000000, 0x0000000087c00000, 0x00000000d5580000)
  object space 126976K, 99% used [0x0000000080000000,0x0000000087bc2928,0x0000000087c00000)
 Metaspace       used 63600K, committed 64896K, reserved 1114112K
  class space    used 6674K, committed 7232K, reserved 1048576K
}
Event: 214657.633 GC heap before
{Heap before GC invocations=48 (full 3):
 PSYoungGen      total 13824K, used 13440K [0x00000000d5580000, 0x00000000d6a00000, 0x0000000100000000)
  eden space 13312K, 100% used [0x00000000d5580000,0x00000000d6280000,0x00000000d6280000)
  from space 512K, 25% used [0x00000000d6980000,0x00000000d69a0000,0x00000000d6a00000)
  to   space 512K, 0% used [0x00000000d6800000,0x00000000d6800000,0x00000000d6880000)
 ParOldGen       total 126976K, used 126730K [0x0000000080000000, 0x0000000087c00000, 0x00000000d5580000)
  object space 126976K, 99% used [0x0000000080000000,0x0000000087bc2928,0x0000000087c00000)
 Metaspace       used 63633K, committed 64960K, reserved 1114112K
  class space    used 6674K, committed 7232K, reserved 1048576K
}
Event: 214657.645 GC heap after
{Heap after GC invocations=48 (full 3):
 PSYoungGen      total 13824K, used 96K [0x00000000d5580000, 0x00000000d6a00000, 0x0000000100000000)
  eden space 13312K, 0% used [0x00000000d5580000,0x00000000d5580000,0x00000000d6280000)
  from space 512K, 18% used [0x00000000d6800000,0x00000000d6818000,0x00000000d6880000)
  to   space 512K, 0% used [0x00000000d6980000,0x00000000d6980000,0x00000000d6a00000)
 ParOldGen       total 126976K, used 126818K [0x0000000080000000, 0x0000000087c00000, 0x00000000d5580000)
  object space 126976K, 99% used [0x0000000080000000,0x0000000087bd8928,0x0000000087c00000)
 Metaspace       used 63633K, committed 64960K, reserved 1114112K
  class space    used 6674K, committed 7232K, reserved 1048576K
}
Event: 217695.922 GC heap before
{Heap before GC invocations=49 (full 3):
 PSYoungGen      total 13824K, used 13408K [0x00000000d5580000, 0x00000000d6a00000, 0x0000000100000000)
  eden space 13312K, 100% used [0x00000000d5580000,0x00000000d6280000,0x00000000d6280000)
  from space 512K, 18% used [0x00000000d6800000,0x00000000d6818000,0x00000000d6880000)
  to   space 512K, 0% used [0x00000000d6980000,0x00000000d6980000,0x00000000d6a00000)
 ParOldGen       total 126976K, used 126818K [0x0000000080000000, 0x0000000087c00000, 0x00000000d5580000)
  object space 126976K, 99% used [0x0000000080000000,0x0000000087bd8928,0x0000000087c00000)
 Metaspace       used 63656K, committed 65024K, reserved 1114112K
  class space    used 6676K, committed 7232K, reserved 1048576K
}
Event: 217695.953 GC heap after
{Heap after GC invocations=49 (full 3):
 PSYoungGen      total 13824K, used 128K [0x00000000d5580000, 0x00000000d6a00000, 0x0000000100000000)
  eden space 13312K, 0% used [0x00000000d5580000,0x00000000d5580000,0x00000000d6280000)
  from space 512K, 25% used [0x00000000d6980000,0x00000000d69a0000,0x00000000d6a00000)
  to   space 512K, 0% used [0x00000000d6800000,0x00000000d6800000,0x00000000d6880000)
 ParOldGen       total 126976K, used 126834K [0x0000000080000000, 0x0000000087c00000, 0x00000000d5580000)
  object space 126976K, 99% used [0x0000000080000000,0x0000000087bdc928,0x0000000087c00000)
 Metaspace       used 63656K, committed 65024K, reserved 1114112K
  class space    used 6676K, committed 7232K, reserved 1048576K
}

